[]
15065.0
[]
40699.0
[]
11583.0
[]
38930.0
[]
78832.0
[34512]
10000000000.0
[]
20983.0
[]
14840.0
[37769]
10000000000.0
[]
18606.0
[]
42447.0
[]
14288.0
[100001]
10000000000.0
[]
7808.0
[]
53694.0
[]
6886.0
[]
33441.0
[]
13143.0
[]
38439.0
[]
94278.0
[]
17228.0
[]
13153.0
[]
17230.0
[]
17782.0
[]
21316.0
[]
37164.0
[70011]
10000000000.0
[]
17316.0
[23682]
10000000000.0
[]
6239.0
[]
9891.0
[]
22305.0
[]
21921.0
[13859]
10000000000.0
[42419]
10000000000.0
[]
8542.0
[25816]
10000000000.0
[]
11465.0
[]
63412.0
[]
40950.0
[]
21259.0
[]
43060.0
[]
67645.0
[]
7676.0
[]
10794.0
[]
18735.0
[]
41356.0
[]
24048.0
[31982]
10000000000.0
[]
18521.0
[]
24908.0
[]
8385.0
[15385]
10000000000.0
[]
13903.0
[100001]
10000000000.0
[]
8332.0
[41038]
10000000000.0
[10870]
10000000000.0
[]
16645.0
[]
15634.0
[]
20707.0
[]
14778.0
[]
28847.0
[]
25384.0
[]
31775.0
[]
18043.0
[]
10434.0
[]
9095.0
[11832]
10000000000.0
[]
12933.0
[]
18160.0
[]
16290.0
[]
44440.0
[]
10932.0
[]
32293.0
[]
31028.0
[]
53794.0
[]
36158.0
[]
29792.0
[]
9428.0
[]
16214.0
