differential_evolution step 1: f(x)= 15.0
differential_evolution step 2: f(x)= 15.0
differential_evolution step 3: f(x)= 15.0
differential_evolution step 4: f(x)= 15.0
differential_evolution step 5: f(x)= 15.0
differential_evolution step 6: f(x)= 15.0
differential_evolution step 7: f(x)= 15.0
differential_evolution step 8: f(x)= 15.0
differential_evolution step 9: f(x)= 15.0
differential_evolution step 10: f(x)= 15.0
differential_evolution step 11: f(x)= 15.0
Polishing solution with 'L-BFGS-B'
             message: Optimization terminated successfully.
             success: True
                 fun: 15.0
                   x: [ 7.782e+02  7.644e+01 -5.054e+02 -5.509e+02]
                 nit: 11
                nfev: 725
          population: [[ 7.782e+02  7.644e+01 -5.054e+02 -5.509e+02]
                       [ 7.807e+02  9.248e+01 -9.625e+02 -4.337e+02]
                       ...
                       [ 8.332e+02  5.988e+01 -5.930e+02 -3.490e+02]
                       [ 8.659e+02  1.038e+02 -3.463e+02 -5.561e+02]]
 population_energies: [ 1.500e+01  1.500e+01 ...  1.500e+01  1.500e+01]
